<?xml version="1.0" encoding="UTF-8"?>
<!-- Generated by org.testng.reporters.JUnitXMLReporter -->
<testsuite ignored="0" hostname="LAPTOP-2VA81V7N" failures="1" tests="4" name="Surefire test" time="115.772" errors="0" timestamp="2026-05-20T14:33:20 IST">
  <testcase classname="test.LoginTest" name="verifySuccessfulLogin" time="15.724"/>
  <testcase classname="test.LoginTest" name="verifyLoginFailure" time="4.033"/>
  <testcase classname="test.LoginTest" name="verifyLogout" time="55.532"/>
  <testcase classname="test.LoginTest" name="verifyRegistration" time="7.455">
    <failure type="java.lang.AssertionError" message="expected [true] but found [false]">
      <![CDATA[java.lang.AssertionError: expected [true] but found [false]
at test.LoginTest.verifyRegistration(LoginTest.java:53)
at java.base/java.util.ArrayList.forEach(ArrayList.java:1596)
... Removed 34 stack frames]]>
    </failure>
  </testcase> <!-- verifyRegistration -->
</testsuite> <!-- Surefire test -->
